[(27, 41), (27, 40), (27, 39), (27, 38), (27, 37), (27, 36), (27, 35), (27, 34), (27, 33), (27, 32), (27, 31), (27, 30), (27, 29), (27, 28), (27, 27), (27, 26), (27, 25), (27, 24), (27, 23), (27, 22), (27, 21), (27, 20), (27, 19), (27, 18), (27, 17), (27, 16), (27, 15), (27, 14), (27, 13), (27, 12), (27, 11), (27, 10), (27, 9), (26, 9), (25, 9), (24, 9), (23, 8), (22, 7)]
[(1100, 1660), (1100, 380), (900, 300)]
(1118.707372016677, 1667.0250501339594) (0.07073720166770335, -0.9974949866040544)
((1100, 1660), (1100, 380))
distance= 19.982920135830852 alternation= 9.96361547513745
10.019304660693402
(1119.6996714290024, 1667.1455027001155) (0.16996714290024104, -0.9854497299884601)
((1100, 1660), (1100, 380))
distance= 20.955554472454537 alternation= 9.827333034014305
11.128221438440232
(1117.708004776987, 1667.004263969585) (-0.029199522301289704, -0.9995736030415051)
((1100, 1660), (1100, 380))
distance= 19.04292905352075 alternation= 9.998807213547568
9.044121839973183
(1117.92021638199, 1651.824279009773) (-0.029199522301287927, -0.9995736030415052)
((1100, 1660), (1100, 380))
distance= 17.92021638199003 alternation= 9.998857790469328
7.921358591520702
(1118.91958362168, 1651.8450651741473) (0.07073720166770335, -0.9974949866040544)
((1100, 1660), (1100, 380))
distance= 18.919583621679976 alternation= 9.963324900064373
8.956258721615603
(1116.9237666620477, 1651.9033669356631) (-0.12884449429552353, -0.9916648104524688)
((1100, 1660), (1100, 380))
distance= 16.923766662047683 alternation= 9.932912719343129
6.990853942704554
(1116.8361680951436, 1648.9046461265386) (-0.12884449429552353, -0.9916648104524688)
((1100, 1660), (1100, 380))
distance= 16.83616809514365 alternation= 9.932869251290136
6.903298843853513
(1117.832617815086, 1648.8255582006484) (-0.029199522301287927, -0.9995736030415052)
((1100, 1660), (1100, 380))
distance= 17.832617815085996 alternation= 9.998852383667789
7.8337654314182075
(1115.8525920911682, 1649.0828179222815) (-0.22720209469308558, -0.9738476308781955)
((1100, 1660), (1100, 380))
distance= 15.852592091168162 alternation= 9.766095085107708
6.086497006060455
(1115.4660586082812, 1646.1078234909241) (-0.22720209469308558, -0.9738476308781955)
((1100, 1660), (1100, 380))
distance= 15.466058608281173 alternation= 9.765501472798938
5.700557135482235
(1116.4496346122567, 1645.9296516951813) (-0.12884449429552178, -0.991664810452469)
((1100, 1660), (1100, 380))
distance= 16.44963461225666 alternation= 9.932551799977606
6.517082812279053
(1114.505183886577, 1646.383298922832) (-0.32328956686350163, -0.9463000876874151)
((1100, 1660), (1100, 380))
distance= 14.505183886577015 alternation= 9.499407424093407
5.005776462483608
(1113.823577602498, 1643.4617560301974) (-0.32328956686349997, -0.9463000876874157)
((1100, 1660), (1100, 380))
distance= 13.823577602498062 alternation= 9.497803641145012
4.32577396135305
(1114.7844523242022, 1643.1862805982896) (-0.22720209469308386, -0.9738476308781959)
((1100, 1660), (1100, 380))
distance= 14.78445232420222 alternation= 9.764399488616649
5.020052835585572
(1112.8950049056616, 1643.8317826388147) (-0.41614683654714035, -0.9092974268256826)
((1100, 1660), (1100, 380))
distance= 12.895004905661608 alternation= 9.134958678224722
3.760046227436886
(1111.9251362050716, 1640.9928823757525) (-0.41614683654713874, -0.9092974268256834)
((1100, 1660), (1100, 380))
distance= 11.925136205071567 alternation= 9.131920690270448
2.793215514801119
(1112.853708901908, 1640.6228557671352) (-0.32328956686349997, -0.9463000876874157)
((1100, 1660), (1100, 380))
distance= 12.853708901908021 alternation= 9.495470917653307
3.358237984254714
(1111.0381435245445, 1641.4537629775205) (-0.5048461045998537, -0.8632093666488759)
((1100, 1660), (1100, 380))
distance= 11.038143524544466 alternation= 8.675937249095089
2.3622062754493776
(1109.7897030149024, 1638.7258706970433) (-0.5048461045998537, -0.8632093666488759)
((1100, 1660), (1100, 380))
distance= 9.789703014902443 alternation= 8.671095672916897
1.1186073419855465
(1110.6766956954295, 1638.2649900952754) (-0.41614683654713874, -0.9092974268256834)
((1100, 1660), (1100, 380))
distance= 10.676695695429544 alternation= 9.12795677833089
1.5487389170986532
(1108.9531528883474, 1639.2730003253362) (-0.5885011172553419, -0.808496403819593)
((1100, 1660), (1100, 380))
distance= 8.953152888347404 alternation= 8.126599774786811
0.8265531135605926
(1107.4386145745484, 1636.6833722253896) (-0.5885011172553419, -0.808496403819593)
((1100, 1660), (1100, 380))
distance= 7.43861457454841 alternation= 8.119656606136381
-0.681042031587971
(1108.2751647011034, 1636.1362425970967) (-0.5048461045998521, -0.8632093666488768)
((1100, 1660), (1100, 380))
distance= 8.27516470110345 alternation= 8.665163851716049
-0.38999915061259927
(1106.6608655343036, 1637.3112841418183) (-0.6662760212798204, -0.7457052121767236)
((1100, 1660), (1100, 380))
distance= 6.660865534303639 alternation= 7.492244329764002
-0.8313787954603633
(1104.8953621825378, 1634.8857949303595) (-0.6662760212798191, -0.7457052121767247)
((1100, 1660), (1100, 380))
distance= 4.895362182537838 alternation= 7.482986890835264
-2.587624708297426
(1105.6731112227826, 1634.2578830139307) (-0.5885011172553405, -0.808496403819594)
((1100, 1660), (1100, 380))
distance= 5.673111222782609 alternation= 8.111499452952923
-2.4383882301703146
(1104.1841852399236, 1635.5882152466152) (-0.7373937155412412, -0.6754631805511556)
((1100, 1660), (1100, 380))
distance= 4.184185239923636 alternation= 6.779167442116285
-2.594982202192649
(1102.1853571760835, 1633.351099610085) (-0.7373937155412407, -0.6754631805511563)
((1100, 1660), (1100, 380))
distance= 2.185357176083471 alternation= 6.76747879870205
-4.582121622618579
(1102.8965341186977, 1632.6486792938292) (-0.6662760212798191, -0.7457052121767247)
((1100, 1660), (1100, 380))
distance= 2.896534118697673 alternation= 7.472438629112257
-4.575904510414584
(1101.5478581760267, 1634.1210099745567) (-0.8011436155469291, -0.5984721441039625)
((1100, 1660), (1100, 380))
distance= 1.5478581760266934 alternation= 5.9946047304757055
-4.446746554449012
(1099.9731760294576, 1631.3247100684314) (-0.7373937155412407, -0.6754631805511563)
((1100, 1660), (1100, 380))
distance= 0.02682397054240937 alternation= 6.75447373285992
-6.727649762317511
(1100.6843529720718, 1630.6222897521757) (-0.6662760212798191, -0.7457052121767247)
((1100, 1660), (1100, 380))
distance= 0.6843529720717925 alternation= 7.460696933500278
-6.776343961428486
(1099.3356770294008, 1632.0946204329032) (-0.8011436155469291, -0.5984721441039625)
((1100, 1660), (1100, 380))
distance= 0.6643229705991871 alternation= 5.980469977176684
-5.316147006577497
(1098.4721718254507, 1628.5959002105221) (-0.6662760212798191, -0.7457052121767247)
((1100, 1660), (1100, 380))
distance= 1.5278281745493132 alternation= 7.448893745106697
-5.921065570557384
(1099.2499208656955, 1627.9679882940934) (-0.5885011172553405, -0.808496403819594)
((1100, 1660), (1100, 380))
distance= 0.7500791343045421 alternation= 8.081425449231547
-7.331346314927005
(1097.7609948828365, 1629.2983205267778) (-0.7373937155412407, -0.6754631805511563)
((1100, 1660), (1100, 380))
distance= 2.239005117163515 alternation= 6.741405333828258
-4.502400216664743
(1097.2510928018555, 1625.7308726575632) (-0.5885011172553405, -0.808496403819594)
((1100, 1660), (1100, 380))
distance= 2.7489071981444795 alternation= 8.071958154033327
-5.3230509558888475
(1098.0876429284106, 1625.1837430292703) (-0.5048461045998506, -0.8632093666488777)
((1100, 1660), (1100, 380))
distance= 1.9123570715894402 alternation= 8.624330053227428
-6.711972981637988
(1096.4733437616107, 1626.358784573992) (-0.6662760212798191, -0.7457052121767247)
((1100, 1660), (1100, 380))
distance= 3.5266562383892506 alternation= 7.438169615778478
-3.9115133773892277
(1096.3221395766445, 1622.7582538178115) (-0.5048461045998506, -0.8632093666488777)
((1100, 1660), (1100, 380))
distance= 3.677860423355469 alternation= 8.617115346358027
-4.939254923002558
(1097.2091322571716, 1622.2973732160435) (-0.4161468365471355, -0.9092974268256848)
((1100, 1660), (1100, 380))
distance= 2.790867742828368 alternation= 9.083602451028757
-6.292734708200388
(1095.4855894500895, 1623.3053834461043) (-0.5885011172553405, -0.808496403819594)
((1100, 1660), (1100, 380))
distance= 4.514410549910508 alternation= 8.06354255616073
-3.549132006250222
(1095.6945939433726, 1619.707745116097) (-0.4161468365471355, -0.9092974268256848)
((1100, 1660), (1100, 380))
distance= 4.305406056627362 alternation= 9.07846707243067
-4.773061015803307
(1096.623166640209, 1619.3377185074794) (-0.32328956686349664, -0.9463000876874168)
((1100, 1660), (1100, 380))
distance= 3.3768333597909077 alternation= 9.454157086353515
-6.077323726562607
(1094.8076012628455, 1620.1686257178649) (-0.5048461045998506, -0.8632093666488777)
((1100, 1660), (1100, 380))
distance= 5.192398737154463 alternation= 8.610881049773575
-3.418482312619112
(1095.374726130565, 1616.6098262270023) (-0.32328956686349664, -0.9463000876874168)
((1100, 1660), (1100, 380))
distance= 4.625273869434977 alternation= 9.45084281673905
-4.825568947304072
(1096.3356008522692, 1616.3343507950945) (-0.2272020946930804, -0.9738476308781967)
((1100, 1660), (1100, 380))
distance= 3.664399147730819 alternation= 9.73169946927298
-6.067300321542161
(1094.4461534337286, 1616.9798528356198) (-0.4161468365471355, -0.9092974268256848)
((1100, 1660), (1100, 380))
distance= 5.553846566271432 alternation= 9.074198462941428
-3.5203518966699967
(1095.3657321516812, 1613.4954505320325) (-0.2272020946930804, -0.9738476308781967)
((1100, 1660), (1100, 380))
distance= 4.634267848318814 alternation= 9.729871609905342
-5.095603761586528
(1096.3493081556567, 1613.3172787362896) (-0.1288444942955165, -0.9916648104524697)
((1100, 1660), (1100, 380))
distance= 3.650691844343328 alternation= 9.91279080395627
-6.262098959612942
(1094.404857429977, 1613.77092596394) (-0.32328956686349664, -0.9463000876874168)
((1100, 1660), (1100, 380))
distance= 5.595142570022972 alternation= 9.448242560953663
-3.8530999909306907
(1095.6677018715777, 1610.395735843655) (-0.1288444942955165, -0.9916648104524697)
((1100, 1660), (1100, 380))
distance= 4.332298128422281 alternation= 9.912049967654749
-5.579751839232468
(1096.66415159152, 1610.3166479177648) (-0.029199522301280825, -0.9995736030415054)
((1100, 1660), (1100, 380))
distance= 3.335848408479933 alternation= 9.994907583242645
-6.659059174762712
(1094.6841258676022, 1610.573907639398) (-0.2272020946930804, -0.9738476308781967)
((1100, 1660), (1100, 380))
distance= 5.3158741323977665 alternation= 9.728570785249154
-4.412696652851388
(1096.277618108633, 1607.3416534864075) (-0.029199522301280825, -0.9995736030415054)
((1100, 1660), (1100, 380))
distance= 3.722381891366922 alternation= 9.994804475629714
-6.272422584262792
(1097.276985348323, 1607.3624396507819) (0.07073720166771044, -0.9974949866040539)
((1100, 1660), (1100, 380))
distance= 2.7230146516769764 alternation= 9.976494682037842
-7.2534800303608655
(1095.2811683886907, 1607.4207414122977) (-0.1288444942955165, -0.9916648104524697)
((1100, 1660), (1100, 380))
distance= 4.71883161130927 alternation= 9.911621416850394
-5.192789805541125
(1097.189386781419, 1604.3637188416574) (0.07073720166771044, -0.9974949866040539)
((1100, 1660), (1100, 380))
distance= 2.810613218581011 alternation= 9.976547401974239
-7.165934183393228
(1098.1816861937446, 1604.4841714078134) (0.16996714290024803, -0.9854497299884589)
((1100, 1660), (1100, 380))
distance= 1.8183138062554463 alternation= 9.857010381315405
-8.038696575059959
(1096.190019541729, 1604.342932677283) (-0.029199522301280825, -0.9995736030415054)
((1100, 1660), (1100, 380))
distance= 3.8099804582709567 alternation= 9.994778990074966
-6.1847985318040095
(1098.3938977987425, 1601.4916864480012) (0.16996714290024803, -0.9854497299884589)
((1100, 1660), (1100, 380))
distance= 1.6061022012574995 alternation= 9.856723625508046
-8.250621424250546
(1099.3692146559858, 1601.7106018937138) (0.26749882862459573, -0.9635581854171906)
((1100, 1660), (1100, 380))
distance= 0.6307853440141571 alternation= 9.636961701500274
-9.006176357486117
(1097.401598386417, 1601.3712338818452) (0.07073720166771044, -0.9974949866040539)
((1100, 1660), (1100, 380))
distance= 2.5984016135830643 alternation= 9.976432185185644
-7.378030571602579
(1099.879116084692, 1598.7542527037485) (0.26749882862459573, -0.9635581854171906)
((1100, 1660), (1100, 380))
distance= 0.12088391530801346 alternation= 9.635847129381897
-9.514963214073884
(1100.8277053432128, 1599.0694436982483) (0.3623577544766813, -0.9320390859672234)
((1100, 1660), (1100, 380))
distance= 0.8277053432127559 alternation= 9.317928430014424
-8.490223086801668
(1098.9037992274486, 1598.535337258036) (0.16996714290024803, -0.9854497299884589)
((1100, 1660), (1100, 380))
distance= 1.0962007725513558 alternation= 9.856022345018339
-8.759821572466983
(1100.681612570566, 1595.863578147497) (0.26749882862459573, -0.9635581854171906)
((1100, 1660), (1100, 380))
distance= 0.6816125705659033 alternation= 9.634080743091555
-8.952468172525652
(1101.6302018290867, 1596.1787691419968) (0.3623577544766813, -0.9320390859672234)
((1100, 1660), (1100, 380))
distance= 1.6302018290866727 alternation= 9.31552534080889
-7.685323511722217
(1099.7062957133226, 1595.6446627017845) (0.16996714290024803, -0.9854497299884589)
((1100, 1660), (1100, 380))
distance= 0.2937042866774391 alternation= 9.854907659217028
-9.56120337253959
(1100.5087921991926, 1592.753988145533) (0.16996714290024978, -0.9854497299884587)
((1100, 1660), (1100, 380))
distance= 0.5087921991926123 alternation= 9.853783361817333
-9.344991162624721
(1101.484109056436, 1592.9729035912455) (0.26749882862459573, -0.9635581854171906)
((1100, 1660), (1100, 380))
distance= 1.4841090564359547 alternation= 9.632301715147156
-8.148192658711201
(1099.516492786867, 1592.633535579377) (0.07073720166771222, -0.9974949866040538)
((1100, 1660), (1100, 380))
distance= 0.48350721313295253 alternation= 9.975231119954547
-9.491723906821594
(1100.026394215571, 1589.6771863894116) (0.07073720166771222, -0.9974949866040538)
((1100, 1660), (1100, 380))
distance= 0.026394215570917368 alternation= 9.974934429358756
-9.948540213787838
(1101.0186936278965, 1589.7976389555677) (0.16996714290024978, -0.9854497299884587)
((1100, 1660), (1100, 380))
distance= 1.0186936278964822 alternation= 9.853062621667888
-8.834368993771406
(1099.0270269758812, 1589.6564002250373) (-0.02919952230127905, -0.9995736030415054)
((1100, 1660), (1100, 380))
distance= 0.9729730241188008 alternation= 9.995497934117324
-9.022524909998523
(1100.238605820567, 1586.6847014295995) (0.07073720166771222, -0.9974949866040538)
((1100, 1660), (1100, 380))
distance= 0.23860582056704516 alternation= 9.974809797643514
-9.73620397707647
(1101.2309052328926, 1586.8051539957555) (0.16996714290024978, -0.9854497299884587)
((1100, 1660), (1100, 380))
distance= 1.23090523289261 alternation= 9.852758560659996
-8.621853327767386
(1099.2392385808773, 1586.6639152652251) (-0.02919952230127905, -0.9995736030415054)
((1100, 1660), (1100, 380))
distance= 0.760761419122673 alternation= 9.995549950593098
-9.234788531470425
(1100.450817425578, 1583.6922164697874) (0.07073720166771222, -0.9974949866040538)
((1100, 1660), (1100, 380))
distance= 0.45081742557795224 alternation= 9.974684235250153
-9.523866809672201
(1101.4431168379035, 1583.8126690359434) (0.16996714290024978, -0.9854497299884587)
((1100, 1660), (1100, 380))
distance= 1.443116837903517 alternation= 9.852452673797675
-8.409335835894158
(1099.4514501858882, 1583.671430305413) (-0.02919952230127905, -0.9995736030415054)
((1100, 1660), (1100, 380))
distance= 0.548549814111766 alternation= 9.995601921283681
-9.447052107171915
(1100.6630290305811, 1580.6997315099752) (0.07073720166771222, -0.9974949866040538)
((1100, 1660), (1100, 380))
distance= 0.6630290305811286 alternation= 9.974557732901099
-9.31152870231997
(1101.6553284429067, 1580.8201840761312) (0.16996714290024978, -0.9854497299884587)
((1100, 1660), (1100, 380))
distance= 1.6553284429066935 alternation= 9.852144945106078
-8.196816502199384
(1099.6636617908914, 1580.6789453456008) (-0.02919952230127905, -0.9995736030415054)
((1100, 1660), (1100, 380))
distance= 0.3363382091085896 alternation= 9.995653843559909
-9.65931563445132
(1099.8758733958944, 1577.6864603857887) (-0.02919952230127905, -0.9995736030415054)
((1100, 1660), (1100, 380))
distance= 0.12412660410564058 alternation= 9.99570571474347
-9.87157911063783
(1100.875240635584, 1577.707246550163) (0.07073720166771398, -0.9974949866040537)
((1100, 1660), (1100, 380))
distance= 0.8752406355840776 alternation= 9.974430281203015
-9.099189645618937
(1098.879423675952, 1577.765548311679) (-0.12884449429551473, -0.9916648104524699)
((1100, 1660), (1100, 380))
distance= 1.1205763240479882 alternation= 9.9154383532668
-8.794862029218812
(1099.7882748289903, 1574.6877395766642) (-0.02919952230127905, -0.9995736030415054)
((1100, 1660), (1100, 380))
distance= 0.21172517100967525 alternation= 9.99568412541303
-9.783958954403355
(1100.78764206868, 1574.7085257410386) (0.07073720166771398, -0.9974949866040537)
((1100, 1660), (1100, 380))
distance= 0.7876420686800429 alternation= 9.974481345320845
-9.186839276640802
(1098.791825109048, 1574.7668275025544) (-0.12884449429551473, -0.9916648104524699)
((1100, 1660), (1100, 380))
distance= 1.208174890952023 alternation= 9.91534013066557
-8.707165239713547
(1099.7006762619874, 1571.6890187675397) (-0.02919952230127905, -0.9995736030415054)
((1100, 1660), (1100, 380))
distance= 0.29932373801261747 alternation= 9.995662372898742
-9.696338634886125
(1100.700043501677, 1571.709804931914) (0.07073720166771398, -0.9974949866040537)
((1100, 1660), (1100, 380))
distance= 0.7000435016771007 alternation= 9.974532615070492
-9.274489113393392
(1098.704226542045, 1571.76810669343) (-0.12884449429551473, -0.9916648104524699)
((1100, 1660), (1100, 380))
distance= 1.2957734579549651 alternation= 9.91524135658609
-8.619467898631125
(1099.6130776951773, 1568.6902979584152) (-0.02919952230127905, -0.9995736030415054)
((1100, 1660), (1100, 380))
distance= 0.3869223048227468 alternation= 9.995640455552312
-9.608718150729565
(1100.612444934867, 1568.7110841227895) (0.07073720166771398, -0.9974949866040537)
((1100, 1660), (1100, 380))
distance= 0.6124449348669714 alternation= 9.974584091617555
-9.362139156750583
(1098.616627975235, 1568.7693858843054) (-0.12884449429551473, -0.9916648104524699)
((1100, 1660), (1100, 380))
distance= 1.3833720247650945 alternation= 9.915142026423215
-8.53177000165812
(1099.5254791282794, 1565.6915771492907) (-0.02919952230127905, -0.9995736030415054)
((1100, 1660), (1100, 380))
distance= 0.4745208717206424 alternation= 9.99561837170444
-9.521097499983798
(1100.524846367969, 1565.712363313665) (0.07073720166771398, -0.9974949866040537)
((1100, 1660), (1100, 380))
distance= 0.5248463679690758 alternation= 9.974635776135795
-9.449789408166719
(1098.529029408337, 1565.770665075181) (-0.12884449429551473, -0.9916648104524699)
((1100, 1660), (1100, 380))
distance= 1.47097059166299 alternation= 9.915042135520235
-8.444071543857245
(1099.4378805613753, 1562.6928563401661) (-0.02919952230127905, -0.9995736030415054)
((1100, 1660), (1100, 380))
distance= 0.5621194386246771 alternation= 9.995596119664741
-9.433476681040064
(1100.437247801065, 1562.7136425045405) (0.07073720166771398, -0.9974949866040537)
((1100, 1660), (1100, 380))
distance= 0.43724780106504113 alternation= 9.974687669806642
-9.5374398687416
(1098.441430841433, 1562.7719442660564) (-0.12884449429551473, -0.9916648104524699)
((1100, 1660), (1100, 380))
distance= 1.5585691585670247 alternation= 9.914941679169173
-8.356372520602148
